[2017-12-24T08:59:41] - Add: /home/kylin/work/fuse/jboss-fuse-6.3.0.redhat-187/data/cache/bundle293/bundle.info

[2017-12-24T08:59:41] - Add: /home/kylin/work/fuse/jboss-fuse-6.3.0.redhat-187/data/cache/bundle293

[2017-12-24T08:59:41] - Add: /home/kylin/work/fuse/jboss-fuse-6.3.0.redhat-187/data/cache/bundle293/version0.0

[2017-12-24T08:59:41] - Add: /home/kylin/work/fuse/jboss-fuse-6.3.0.redhat-187/data/cache/bundle293/version0.0/revision.location

[2017-12-24T08:59:41] - Add: /home/kylin/work/fuse/jboss-fuse-6.3.0.redhat-187/data/cache/bundle293/version0.0/bundle.jar

[2017-12-24T08:59:42] - Add: /home/kylin/work/fuse/jboss-fuse-6.3.0.redhat-187/src

[2017-12-24T08:59:42] - Add: /home/kylin/work/fuse/jboss-fuse-6.3.0.redhat-187/src/data/input

[2017-12-24T08:59:42] - Add: /home/kylin/work/fuse/jboss-fuse-6.3.0.redhat-187/src/data

[2017-12-24T09:00:42] - Delete: /home/kylin/work/fuse/jboss-fuse-6.3.0.redhat-187/data/cache/bundle293/bundle.info

[2017-12-24T09:00:42] - Delete: /home/kylin/work/fuse/jboss-fuse-6.3.0.redhat-187/data/cache/bundle293

[2017-12-24T09:00:42] - Delete: /home/kylin/work/fuse/jboss-fuse-6.3.0.redhat-187/data/cache/bundle293/version0.0

[2017-12-24T09:00:42] - Delete: /home/kylin/work/fuse/jboss-fuse-6.3.0.redhat-187/data/cache/bundle293/version0.0/revision.location

[2017-12-24T09:00:42] - Delete: /home/kylin/work/fuse/jboss-fuse-6.3.0.redhat-187/data/cache/bundle293/version0.0/bundle.jar

[2017-12-24T09:00:56] - Add: /home/kylin/work/fuse/jboss-fuse-6.3.0.redhat-187/deploy/.README.swp

[2017-12-24T09:01:00] - Delete: /home/kylin/work/fuse/jboss-fuse-6.3.0.redhat-187/deploy/.README.swp

[2017-12-24T09:01:21] - Add: /home/kylin/work/fuse/jboss-fuse-6.3.0.redhat-187/deploy/file-listener-1.0-SNAPSHOT.jar

[2017-12-24T09:01:23] - Add: /home/kylin/work/fuse/jboss-fuse-6.3.0.redhat-187/data/cache/bundle294/bundle.info

[2017-12-24T09:01:23] - Add: /home/kylin/work/fuse/jboss-fuse-6.3.0.redhat-187/data/cache/bundle294/version0.0/bundle.jar

[2017-12-24T09:01:23] - Add: /home/kylin/work/fuse/jboss-fuse-6.3.0.redhat-187/data/cache/bundle294/version0.0/revision.location

[2017-12-24T09:01:23] - Add: /home/kylin/work/fuse/jboss-fuse-6.3.0.redhat-187/data/cache/bundle294/version0.0

[2017-12-24T09:01:23] - Add: /home/kylin/work/fuse/jboss-fuse-6.3.0.redhat-187/data/cache/bundle294

[2017-12-24T09:01:23] - Add: /home/kylin/work/fuse/jboss-fuse-6.3.0.redhat-187/data/cache/bundle9/data/294.checksum

[2017-12-24T09:01:49] - Add: /home/kylin/work/fuse/jboss-fuse-6.3.0.redhat-187/data/log/.fuse.log.swp

[2017-12-24T09:01:55] - Delete: /home/kylin/work/fuse/jboss-fuse-6.3.0.redhat-187/data/log/.fuse.log.swp

